This is pdfTeX, Version 3.141592653-2.6-1.40.25 (TeX Live 2023) (preloaded format=pdflatex 2024.1.13)  19 JAN 2024 21:11
entering extended mode
 restricted \write18 enabled.
 file:line:error style messages enabled.
 %&-line parsing enabled.
**"d:/Git/DilTech/deep-learning-lab/Projects/Project 4/report/harkeerat_sawhney"
(d:/Git/DilTech/deep-learning-lab/Projects/Project 4/report/harkeerat_sawhney.tex
LaTeX2e <2023-11-01>
L3 programming layer <2024-01-04>
(c:/texlive/2023/texmf-dist/tex/latex/base/article.cls
Document Class: article 2023/05/17 v1.4n Standard LaTeX document class
(c:/texlive/2023/texmf-dist/tex/latex/base/size10.clo
File: size10.clo 2023/05/17 v1.4n Standard LaTeX file (size option)
)
\c@part=\count187
\c@section=\count188
\c@subsection=\count189
\c@subsubsection=\count190
\c@paragraph=\count191
\c@subparagraph=\count192
\c@figure=\count193
\c@table=\count194
\abovecaptionskip=\skip48
\belowcaptionskip=\skip49
\bibindent=\dimen140
) (c:/texlive/2023/texmf-dist/tex/latex/psnfss/palatino.sty
Package: palatino 2020/03/25 PSNFSS-v9.3 (SPQR) 
) (c:/texlive/2023/texmf-dist/tex/latex/amsmath/amsmath.sty
Package: amsmath 2023/05/13 v2.17o AMS math features
\@mathmargin=\skip50

For additional information on amsmath, use the `?' option.
(c:/texlive/2023/texmf-dist/tex/latex/amsmath/amstext.sty
Package: amstext 2021/08/26 v2.01 AMS text
 (c:/texlive/2023/texmf-dist/tex/latex/amsmath/amsgen.sty
File: amsgen.sty 1999/11/30 v2.0 generic functions
\@emptytoks=\toks17
\ex@=\dimen141
)) (c:/texlive/2023/texmf-dist/tex/latex/amsmath/amsbsy.sty
Package: amsbsy 1999/11/29 v1.2d Bold Symbols
\pmbraise@=\dimen142
) (c:/texlive/2023/texmf-dist/tex/latex/amsmath/amsopn.sty
Package: amsopn 2022/04/08 v2.04 operator names
)
\inf@bad=\count195
LaTeX Info: Redefining \frac on input line 234.
\uproot@=\count196
\leftroot@=\count197
LaTeX Info: Redefining \overline on input line 399.
LaTeX Info: Redefining \colon on input line 410.
\classnum@=\count198
\DOTSCASE@=\count199
LaTeX Info: Redefining \ldots on input line 496.
LaTeX Info: Redefining \dots on input line 499.
LaTeX Info: Redefining \cdots on input line 620.
\Mathstrutbox@=\box51
\strutbox@=\box52
LaTeX Info: Redefining \big on input line 722.
LaTeX Info: Redefining \Big on input line 723.
LaTeX Info: Redefining \bigg on input line 724.
LaTeX Info: Redefining \Bigg on input line 725.
\big@size=\dimen143
LaTeX Font Info:    Redeclaring font encoding OML on input line 743.
LaTeX Font Info:    Redeclaring font encoding OMS on input line 744.
\macc@depth=\count266
LaTeX Info: Redefining \bmod on input line 905.
LaTeX Info: Redefining \pmod on input line 910.
LaTeX Info: Redefining \smash on input line 940.
LaTeX Info: Redefining \relbar on input line 970.
LaTeX Info: Redefining \Relbar on input line 971.
\c@MaxMatrixCols=\count267
\dotsspace@=\muskip16
\c@parentequation=\count268
\dspbrk@lvl=\count269
\tag@help=\toks18
\row@=\count270
\column@=\count271
\maxfields@=\count272
\andhelp@=\toks19
\eqnshift@=\dimen144
\alignsep@=\dimen145
\tagshift@=\dimen146
\tagwidth@=\dimen147
\totwidth@=\dimen148
\lineht@=\dimen149
\@envbody=\toks20
\multlinegap=\skip51
\multlinetaggap=\skip52
\mathdisplay@stack=\toks21
LaTeX Info: Redefining \[ on input line 2953.
LaTeX Info: Redefining \] on input line 2954.
) (c:/texlive/2023/texmf-dist/tex/latex/tools/bm.sty
Package: bm 2023/07/08 v1.2f Bold Symbol Support (DPC/FMi)
\symboldoperators=\mathgroup4
\symboldletters=\mathgroup5
\symboldsymbols=\mathgroup6
Package bm Info: No bold for \OMX/cmex/m/n, using \pmb.
LaTeX Font Info:    Redeclaring math alphabet \mathbf on input line 149.
) (c:/texlive/2023/texmf-dist/tex/latex/hyperref/hyperref.sty
Package: hyperref 2023-11-26 v7.01g Hypertext links for LaTeX
 (c:/texlive/2023/texmf-dist/tex/generic/iftex/iftex.sty
Package: iftex 2022/02/03 v1.0f TeX engine tests
) (c:/texlive/2023/texmf-dist/tex/generic/infwarerr/infwarerr.sty
Package: infwarerr 2019/12/03 v1.5 Providing info/warning/error messages (HO)
) (c:/texlive/2023/texmf-dist/tex/latex/graphics/keyval.sty
Package: keyval 2022/05/29 v1.15 key=value parser (DPC)
\KV@toks@=\toks22
) (c:/texlive/2023/texmf-dist/tex/latex/kvsetkeys/kvsetkeys.sty
Package: kvsetkeys 2022-10-05 v1.19 Key value parser (HO)
) (c:/texlive/2023/texmf-dist/tex/generic/kvdefinekeys/kvdefinekeys.sty
Package: kvdefinekeys 2019-12-19 v1.6 Define keys (HO)
) (c:/texlive/2023/texmf-dist/tex/generic/pdfescape/pdfescape.sty
Package: pdfescape 2019/12/09 v1.15 Implements pdfTeX's escape features (HO)
 (c:/texlive/2023/texmf-dist/tex/generic/ltxcmds/ltxcmds.sty
Package: ltxcmds 2023-12-04 v1.26 LaTeX kernel commands for general use (HO)
) (c:/texlive/2023/texmf-dist/tex/generic/pdftexcmds/pdftexcmds.sty
Package: pdftexcmds 2020-06-27 v0.33 Utility functions of pdfTeX for LuaTeX (HO)
Package pdftexcmds Info: \pdf@primitive is available.
Package pdftexcmds Info: \pdf@ifprimitive is available.
Package pdftexcmds Info: \pdfdraftmode found.
)) (c:/texlive/2023/texmf-dist/tex/latex/hycolor/hycolor.sty
Package: hycolor 2020-01-27 v1.10 Color options for hyperref/bookmark (HO)
) (c:/texlive/2023/texmf-dist/tex/latex/letltxmacro/letltxmacro.sty
Package: letltxmacro 2019/12/03 v1.6 Let assignment for LaTeX macros (HO)
) (c:/texlive/2023/texmf-dist/tex/latex/auxhook/auxhook.sty
Package: auxhook 2019-12-17 v1.6 Hooks for auxiliary files (HO)
) (c:/texlive/2023/texmf-dist/tex/latex/hyperref/nameref.sty
Package: nameref 2023-11-26 v2.56 Cross-referencing by name of section
 (c:/texlive/2023/texmf-dist/tex/latex/refcount/refcount.sty
Package: refcount 2019/12/15 v3.6 Data extraction from label references (HO)
) (c:/texlive/2023/texmf-dist/tex/generic/gettitlestring/gettitlestring.sty
Package: gettitlestring 2019/12/15 v1.6 Cleanup title references (HO)
 (c:/texlive/2023/texmf-dist/tex/latex/kvoptions/kvoptions.sty
Package: kvoptions 2022-06-15 v3.15 Key value format for package options (HO)
))
\c@section@level=\count273
) (c:/texlive/2023/texmf-dist/tex/latex/etoolbox/etoolbox.sty
Package: etoolbox 2020/10/05 v2.5k e-TeX tools for LaTeX (JAW)
\etb@tempcnta=\count274
)
\@linkdim=\dimen150
\Hy@linkcounter=\count275
\Hy@pagecounter=\count276
 (c:/texlive/2023/texmf-dist/tex/latex/hyperref/pd1enc.def
File: pd1enc.def 2023-11-26 v7.01g Hyperref: PDFDocEncoding definition (HO)
Now handling font encoding PD1 ...
... no UTF-8 mapping file for font encoding PD1
) (c:/texlive/2023/texmf-dist/tex/generic/intcalc/intcalc.sty
Package: intcalc 2019/12/15 v1.3 Expandable calculations with integers (HO)
)
\Hy@SavedSpaceFactor=\count277
 (c:/texlive/2023/texmf-dist/tex/latex/hyperref/puenc.def
File: puenc.def 2023-11-26 v7.01g Hyperref: PDF Unicode definition (HO)
Now handling font encoding PU ...
... no UTF-8 mapping file for font encoding PU
)
Package hyperref Info: Hyper figures OFF on input line 4181.
Package hyperref Info: Link nesting OFF on input line 4186.
Package hyperref Info: Hyper index ON on input line 4189.
Package hyperref Info: Plain pages OFF on input line 4196.
Package hyperref Info: Backreferencing OFF on input line 4201.
Package hyperref Info: Implicit mode ON; LaTeX internals redefined.
Package hyperref Info: Bookmarks ON on input line 4448.
\c@Hy@tempcnt=\count278
 (c:/texlive/2023/texmf-dist/tex/latex/url/url.sty
\Urlmuskip=\muskip17
Package: url 2013/09/16  ver 3.4  Verb mode for urls, etc.
)
LaTeX Info: Redefining \url on input line 4786.
\XeTeXLinkMargin=\dimen151
 (c:/texlive/2023/texmf-dist/tex/generic/bitset/bitset.sty
Package: bitset 2019/12/09 v1.3 Handle bit-vector datatype (HO)
 (c:/texlive/2023/texmf-dist/tex/generic/bigintcalc/bigintcalc.sty
Package: bigintcalc 2019/12/15 v1.5 Expandable calculations on big integers (HO)
))
\Fld@menulength=\count279
\Field@Width=\dimen152
\Fld@charsize=\dimen153
Package hyperref Info: Hyper figures OFF on input line 6065.
Package hyperref Info: Link nesting OFF on input line 6070.
Package hyperref Info: Hyper index ON on input line 6073.
Package hyperref Info: backreferencing OFF on input line 6080.
Package hyperref Info: Link coloring OFF on input line 6085.
Package hyperref Info: Link coloring with OCG OFF on input line 6090.
Package hyperref Info: PDF/A mode OFF on input line 6095.
 (c:/texlive/2023/texmf-dist/tex/latex/base/atbegshi-ltx.sty
Package: atbegshi-ltx 2021/01/10 v1.0c Emulation of the original atbegshi
package with kernel methods
)
\Hy@abspage=\count280
\c@Item=\count281
\c@Hfootnote=\count282
)
Package hyperref Info: Driver (autodetected): hpdftex.
 (c:/texlive/2023/texmf-dist/tex/latex/hyperref/hpdftex.def
File: hpdftex.def 2023-11-26 v7.01g Hyperref driver for pdfTeX
 (c:/texlive/2023/texmf-dist/tex/latex/base/atveryend-ltx.sty
Package: atveryend-ltx 2020/08/19 v1.0a Emulation of the original atveryend package
with kernel methods
)
\Fld@listcount=\count283
\c@bookmark@seq@number=\count284
 (c:/texlive/2023/texmf-dist/tex/latex/rerunfilecheck/rerunfilecheck.sty
Package: rerunfilecheck 2022-07-10 v1.10 Rerun checks for auxiliary files (HO)
 (c:/texlive/2023/texmf-dist/tex/generic/uniquecounter/uniquecounter.sty
Package: uniquecounter 2019/12/15 v1.4 Provide unlimited unique counter (HO)
)
Package uniquecounter Info: New unique counter `rerunfilecheck' on input line 285.
)
\Hy@SectionHShift=\skip53
) (c:/texlive/2023/texmf-dist/tex/latex/xcolor/xcolor.sty
Package: xcolor 2023/11/15 v3.01 LaTeX color extensions (UK)
 (c:/texlive/2023/texmf-dist/tex/latex/graphics-cfg/color.cfg
File: color.cfg 2016/01/02 v1.6 sample color configuration
)
Package xcolor Info: Driver file: pdftex.def on input line 274.
 (c:/texlive/2023/texmf-dist/tex/latex/graphics-def/pdftex.def
File: pdftex.def 2022/09/22 v1.2b Graphics/color driver for pdftex
) (c:/texlive/2023/texmf-dist/tex/latex/graphics/mathcolor.ltx)
Package xcolor Info: Model `cmy' substituted by `cmy0' on input line 1350.
Package xcolor Info: Model `hsb' substituted by `rgb' on input line 1354.
Package xcolor Info: Model `RGB' extended on input line 1366.
Package xcolor Info: Model `HTML' substituted by `rgb' on input line 1368.
Package xcolor Info: Model `Hsb' substituted by `hsb' on input line 1369.
Package xcolor Info: Model `tHsb' substituted by `hsb' on input line 1370.
Package xcolor Info: Model `HSB' substituted by `hsb' on input line 1371.
Package xcolor Info: Model `Gray' substituted by `gray' on input line 1372.
Package xcolor Info: Model `wave' substituted by `hsb' on input line 1373.
) (c:/texlive/2023/texmf-dist/tex/latex/tools/verbatim.sty
Package: verbatim 2023-11-06 v1.5v LaTeX2e package for verbatim enhancements
\every@verbatim=\toks23
\verbatim@line=\toks24
\verbatim@in@stream=\read2
) (c:/texlive/2023/texmf-dist/tex/latex/tools/enumerate.sty
Package: enumerate 2023/07/04 v3.00 enumerate extensions (DPC)
\@enLab=\toks25
) (c:/texlive/2023/texmf-dist/tex/latex/listings/listings.sty
\lst@mode=\count285
\lst@gtempboxa=\box53
\lst@token=\toks26
\lst@length=\count286
\lst@currlwidth=\dimen154
\lst@column=\count287
\lst@pos=\count288
\lst@lostspace=\dimen155
\lst@width=\dimen156
\lst@newlines=\count289
\lst@lineno=\count290
\lst@maxwidth=\dimen157
 (c:/texlive/2023/texmf-dist/tex/latex/listings/lstmisc.sty
File: lstmisc.sty 2023/02/27 1.9 (Carsten Heinz)
\c@lstnumber=\count291
\lst@skipnumbers=\count292
\lst@framebox=\box54
) (c:/texlive/2023/texmf-dist/tex/latex/listings/listings.cfg
File: listings.cfg 2023/02/27 1.9 listings configuration
))
Package: listings 2023/02/27 1.9 (Carsten Heinz)
 (c:/texlive/2023/texmf-dist/tex/latex/multirow/multirow.sty
Package: multirow 2021/03/15 v2.8 Span multiple rows of a table
\multirow@colwidth=\skip54
\multirow@cntb=\count293
\multirow@dima=\skip55
\bigstrutjot=\dimen158
) (c:/texlive/2023/texmf-dist/tex/latex/float/float.sty
Package: float 2001/11/08 v1.3d Float enhancements (AL)
\c@float@type=\count294
\float@exts=\toks27
\float@box=\box55
\@float@everytoks=\toks28
\@floatcapt=\box56
) (c:/texlive/2023/texmf-dist/tex/latex/graphics/graphicx.sty
Package: graphicx 2021/09/16 v1.2d Enhanced LaTeX Graphics (DPC,SPQR)
 (c:/texlive/2023/texmf-dist/tex/latex/graphics/graphics.sty
Package: graphics 2022/03/10 v1.4e Standard LaTeX Graphics (DPC,SPQR)
 (c:/texlive/2023/texmf-dist/tex/latex/graphics/trig.sty
Package: trig 2021/08/11 v1.11 sin cos tan (DPC)
) (c:/texlive/2023/texmf-dist/tex/latex/graphics-cfg/graphics.cfg
File: graphics.cfg 2016/06/04 v1.11 sample graphics configuration
)
Package graphics Info: Driver file: pdftex.def on input line 107.
)
\Gin@req@height=\dimen159
\Gin@req@width=\dimen160
)
LaTeX Font Info:    Trying to load font information for OT1+ppl on input line 33.
 (c:/texlive/2023/texmf-dist/tex/latex/psnfss/ot1ppl.fd
File: ot1ppl.fd 2001/06/04 font definitions for OT1/ppl.
) (c:/texlive/2023/texmf-dist/tex/latex/l3backend/l3backend-pdftex.def
File: l3backend-pdftex.def 2024-01-04 L3 backend support: PDF output (pdfTeX)
\l__color_backend_stack_int=\count295
\l__pdf_internal_box=\box57
) (./harkeerat_sawhney.aux

LaTeX Warning: Label `fig:my_label' multiply defined.

)
\openout1 = `harkeerat_sawhney.aux'.

LaTeX Font Info:    Checking defaults for OML/cmm/m/it on input line 33.
LaTeX Font Info:    ... okay on input line 33.
LaTeX Font Info:    Checking defaults for OMS/cmsy/m/n on input line 33.
LaTeX Font Info:    ... okay on input line 33.
LaTeX Font Info:    Checking defaults for OT1/cmr/m/n on input line 33.
LaTeX Font Info:    ... okay on input line 33.
LaTeX Font Info:    Checking defaults for T1/cmr/m/n on input line 33.
LaTeX Font Info:    ... okay on input line 33.
LaTeX Font Info:    Checking defaults for TS1/cmr/m/n on input line 33.
LaTeX Font Info:    ... okay on input line 33.
LaTeX Font Info:    Checking defaults for OMX/cmex/m/n on input line 33.
LaTeX Font Info:    ... okay on input line 33.
LaTeX Font Info:    Checking defaults for U/cmr/m/n on input line 33.
LaTeX Font Info:    ... okay on input line 33.
LaTeX Font Info:    Checking defaults for PD1/pdf/m/n on input line 33.
LaTeX Font Info:    ... okay on input line 33.
LaTeX Font Info:    Checking defaults for PU/pdf/m/n on input line 33.
LaTeX Font Info:    ... okay on input line 33.
Package hyperref Info: Link coloring OFF on input line 33.
 (./harkeerat_sawhney.out) (./harkeerat_sawhney.out)
\@outlinefile=\write3
\openout3 = `harkeerat_sawhney.out'.

 (c:/texlive/2023/texmf-dist/tex/context/base/mkii/supp-pdf.mkii
[Loading MPS to PDF converter (version 2006.09.02).]
\scratchcounter=\count296
\scratchdimen=\dimen161
\scratchbox=\box58
\nofMPsegments=\count297
\nofMParguments=\count298
\everyMPshowfont=\toks29
\MPscratchCnt=\count299
\MPscratchDim=\dimen162
\MPnumerator=\count300
\makeMPintoPDFobject=\count301
\everyMPtoPDFconversion=\toks30
) (c:/texlive/2023/texmf-dist/tex/latex/epstopdf-pkg/epstopdf-base.sty
Package: epstopdf-base 2020-01-24 v2.11 Base part for package epstopdf
Package epstopdf-base Info: Redefining graphics rule for `.eps' on input line 485.
 (c:/texlive/2023/texmf-dist/tex/latex/latexconfig/epstopdf-sys.cfg
File: epstopdf-sys.cfg 2010/07/13 v1.3 Configuration of (r)epstopdf for TeX Live
))
\c@lstlisting=\count302
LaTeX Font Info:    Trying to load font information for OT1+pcr on input line 52.
 (c:/texlive/2023/texmf-dist/tex/latex/psnfss/ot1pcr.fd
File: ot1pcr.fd 2001/06/04 font definitions for OT1/pcr.
)
LaTeX Font Info:    Trying to load font information for TS1+pcr on input line 53.
 (c:/texlive/2023/texmf-dist/tex/latex/psnfss/ts1pcr.fd
File: ts1pcr.fd 2001/06/04 font definitions for TS1/pcr.
) [1

{c:/texlive/2023/texmf-var/fonts/map/pdftex/updmap/pdftex.map}{c:/texlive/2023/texmf-dist/fonts/enc/dvips/base/8r.enc}]
<../data/word_frequencies.png, id=38, 462.528pt x 346.896pt>
File: ../data/word_frequencies.png Graphic file (type png)
<use ../data/word_frequencies.png>
Package pdftex.def Info: ../data/word_frequencies.png  used on input line 81.
(pdftex.def)             Requested size: 172.5pt x 129.37639pt.
 [2]
Overfull \hbox (3.26776pt too wide) in paragraph at lines 93--94
[]\OT1/ppl/m/n/10 There are 3 meth-ods in the class which are \OT1/ppl/b/n/10 add[]vocabularly\OT1/ppl/m/n/10 , \OT1/ppl/b/n/10 add[]sentence
 []

[3
pdfTeX warning (ext4): destination with the same identifier (name{figure.1}) has been already used, duplicate ignored
<argument> ...shipout:D \box_use:N \l_shipout_box 
                                                  \__shipout_drop_firstpage_...
l.99 
      <../data/word_frequencies.png>] [4]
<../data/training_loss_simple_training_loop.png, id=67, 694.09312pt x 353.82187pt>
File: ../data/training_loss_simple_training_loop.png Graphic file (type png)
<use ../data/training_loss_simple_training_loop.png>
Package pdftex.def Info: ../data/training_loss_simple_training_loop.png  used on input line 121.
(pdftex.def)             Requested size: 172.5pt x 87.93155pt.
<../data/validation_loss_simple_training_loop.png, id=68, 674.52pt x 345.54094pt>
File: ../data/validation_loss_simple_training_loop.png Graphic file (type png)
<use ../data/validation_loss_simple_training_loop.png>
Package pdftex.def Info: ../data/validation_loss_simple_training_loop.png  used on input line 128.
(pdftex.def)             Requested size: 172.5pt x 88.36748pt.
 [5
pdfTeX warning (ext4): destination with the same identifier (name{figure.2}) has been already used, duplicate ignored
<argument> ...shipout:D \box_use:N \l_shipout_box 
                                                  \__shipout_drop_firstpage_...
l.132 
       <../data/training_loss_simple_training_loop.png>]
<../data/training_loss_gradient_accumulation.png, id=78, 712.91344pt x 350.05782pt>
File: ../data/training_loss_gradient_accumulation.png Graphic file (type png)
<use ../data/training_loss_gradient_accumulation.png>
Package pdftex.def Info: ../data/training_loss_gradient_accumulation.png  used on input line 140.
(pdftex.def)             Requested size: 172.5pt x 84.69928pt.
<../data/validation_loss_gradient_accumulation.png, id=79, 670.00313pt x 347.79938pt>
File: ../data/validation_loss_gradient_accumulation.png Graphic file (type png)
<use ../data/validation_loss_gradient_accumulation.png>
Package pdftex.def Info: ../data/validation_loss_gradient_accumulation.png  used on input line 147.
(pdftex.def)             Requested size: 172.5pt x 89.54474pt.
 [6
pdfTeX warning (ext4): destination with the same identifier (name{figure.3}) has been already used, duplicate ignored
<argument> ...shipout:D \box_use:N \l_shipout_box 
                                                  \__shipout_drop_firstpage_...
l.151 
      
pdfTeX warning (ext4): destination with the same identifier (name{figure.4}) has been already used, duplicate ignored
<argument> ...shipout:D \box_use:N \l_shipout_box 
                                                  \__shipout_drop_firstpage_...
l.151 
       <../data/validation_loss_simple_training_loop.png> <../data/training_loss_gradient_accumulation.png>]
LaTeX Font Info:    Trying to load font information for TS1+ppl on input line 157.
 (c:/texlive/2023/texmf-dist/tex/latex/psnfss/ts1ppl.fd
File: ts1ppl.fd 2001/06/04 font definitions for TS1/ppl.
)
Overfull \hbox (66.52626pt too wide) in paragraph at lines 163--178
 [][] 
 []

[7
pdfTeX warning (ext4): destination with the same identifier (name{figure.5}) has been already used, duplicate ignored
<argument> ...shipout:D \box_use:N \l_shipout_box 
                                                  \__shipout_drop_firstpage_...
l.181 
       <../data/validation_loss_gradient_accumulation.png>]
Overfull \hbox (56.1958pt too wide) in paragraph at lines 186--201
 [][] 
 []

[8
pdfTeX warning (ext4): destination with the same identifier (name{table.1}) has been already used, duplicate ignored
<argument> ...shipout:D \box_use:N \l_shipout_box 
                                                  \__shipout_drop_firstpage_...
l.216 \end{document}
                    
pdfTeX warning (ext4): destination with the same identifier (name{table.2}) has been already used, duplicate ignored
<argument> ...shipout:D \box_use:N \l_shipout_box 
                                                  \__shipout_drop_firstpage_...
l.216 \end{document}
                    ] (./harkeerat_sawhney.aux)
 ***********
LaTeX2e <2023-11-01>
L3 programming layer <2024-01-04>
 ***********


LaTeX Warning: There were multiply-defined labels.

Package rerunfilecheck Info: File `harkeerat_sawhney.out' has not changed.
(rerunfilecheck)             Checksum: 6D440410F9FDF545E96D59C4DC72459B;655.
 ) 
Here is how much of TeX's memory you used:
 11705 strings out of 474166
 177003 string characters out of 5749518
 2005528 words of memory out of 5000000
 33809 multiletter control sequences out of 15000+600000
 575521 words of font info for 86 fonts, out of 8000000 for 9000
 1141 hyphenation exceptions out of 8191
 75i,10n,79p,1191b,1364s stack positions out of 10000i,1000n,20000p,200000b,200000s
<c:/texlive/2023/texmf-dist/fonts/type1/public/amsfonts/cm/cmmi10.pfb><c:/texlive/2023/texmf-dist/fonts/type1/public/amsfonts/cm/cmr10.pfb><c:/texlive/2023/texmf-dist/fonts/type1/public/amsfonts/cm/cmr7.pfb><c:/texlive/2023/texmf-dist/fonts/type1/public/amsfonts/cm/cmsy10.pfb><c:/texlive/2023/texmf-dist/fonts/type1/urw/courier/ucrr8a.pfb><c:/texlive/2023/texmf-dist/fonts/type1/urw/palatino/uplb8a.pfb><c:/texlive/2023/texmf-dist/fonts/type1/urw/palatino/uplr8a.pfb>
Output written on harkeerat_sawhney.pdf (8 pages, 207309 bytes).
PDF statistics:
 151 PDF objects out of 1000 (max. 8388607)
 115 compressed objects within 2 object streams
 40 named destinations out of 1000 (max. 500000)
 58 words of extra memory for PDF output out of 10000 (max. 10000000)

